Time resolution is 1 ps
Time=0 | Saved Address=0000 | Address_Out=0000 | test_bus=31 | Bus_Out=00 | reading data=1 | writing data=0 | sending address=1
Time=5000 | Saved Address=0000 | Address_Out=0000 | test_bus=31 | Bus_Out=00 | reading data=0 | writing data=0 | sending address=0
Time=35000 | Saved Address=0000 | Address_Out=0001 | test_bus=31 | Bus_Out=00 | reading data=1 | writing data=0 | sending address=1
Time=45000 | Saved Address=0001 | Address_Out=0000 | test_bus=31 | Bus_Out=00 | reading data=0 | writing data=0 | sending address=0
Time=55000 | Saved Address=0001 | Address_Out=0000 | test_bus=fd | Bus_Out=00 | reading data=0 | writing data=0 | sending address=0
Time=75000 | Saved Address=0001 | Address_Out=0002 | test_bus=fd | Bus_Out=00 | reading data=1 | writing data=0 | sending address=1
Time=85000 | Saved Address=0002 | Address_Out=0000 | test_bus=fd | Bus_Out=00 | reading data=0 | writing data=0 | sending address=0
Time=95000 | Saved Address=0002 | Address_Out=0000 | test_bus=ff | Bus_Out=00 | reading data=0 | writing data=0 | sending address=0
Time=115000 | Saved Address=0002 | Address_Out=0003 | test_bus=ff | Bus_Out=00 | reading data=1 | writing data=0 | sending address=1
Time=125000 | Saved Address=0003 | Address_Out=0000 | test_bus=ff | Bus_Out=00 | reading data=0 | writing data=0 | sending address=0
Time=135000 | Saved Address=0003 | Address_Out=fffd | test_bus=08 | Bus_Out=00 | reading data=0 | writing data=0 | sending address=0
Time=145000 | Saved Address=0003 | Address_Out=0000 | test_bus=08 | Bus_Out=00 | reading data=0 | writing data=0 | sending address=0
Time=155000 | Saved Address=0003 | Address_Out=0004 | test_bus=08 | Bus_Out=00 | reading data=1 | writing data=0 | sending address=1
Time=165000 | Saved Address=0004 | Address_Out=0000 | test_bus=08 | Bus_Out=00 | reading data=0 | writing data=0 | sending address=0
Time=175000 | Saved Address=0004 | Address_Out=0000 | test_bus=00 | Bus_Out=00 | reading data=0 | writing data=0 | sending address=0
Time=195000 | Saved Address=0004 | Address_Out=0005 | test_bus=00 | Bus_Out=00 | reading data=1 | writing data=0 | sending address=1
Time=205000 | Saved Address=0005 | Address_Out=0000 | test_bus=00 | Bus_Out=00 | reading data=0 | writing data=0 | sending address=0
Time=215000 | Saved Address=0005 | Address_Out=0000 | test_bus=80 | Bus_Out=00 | reading data=0 | writing data=0 | sending address=0
Time=235000 | Saved Address=0005 | Address_Out=8000 | test_bus=80 | Bus_Out=00 | reading data=1 | writing data=0 | sending address=1
Time=245000 | Saved Address=8000 | Address_Out=0000 | test_bus=80 | Bus_Out=00 | reading data=0 | writing data=0 | sending address=0
Time=255000 | Saved Address=8000 | Address_Out=0000 | test_bus=31 | Bus_Out=00 | reading data=0 | writing data=0 | sending address=0
Time=265000 | Saved Address=8000 | Address_Out=fffd | test_bus=31 | Bus_Out=00 | reading data=0 | writing data=0 | sending address=0
Time=275000 | Saved Address=8000 | Address_Out=8001 | test_bus=31 | Bus_Out=fd | reading data=0 | writing data=1 | sending address=1
Time=285000 | Saved Address=8001 | Address_Out=0000 | test_bus=31 | Bus_Out=00 | reading data=0 | writing data=0 | sending address=0
Time=295000 | Saved Address=8001 | Address_Out=0000 | test_bus=fd | Bus_Out=00 | reading data=0 | writing data=0 | sending address=0
Time=305000 | Saved Address=8001 | Address_Out=fffd | test_bus=fd | Bus_Out=00 | reading data=0 | writing data=0 | sending address=0
Time=315000 | Saved Address=8001 | Address_Out=0006 | test_bus=fd | Bus_Out=ff | reading data=0 | writing data=1 | sending address=1
Time=325000 | Saved Address=0006 | Address_Out=0000 | test_bus=fd | Bus_Out=00 | reading data=0 | writing data=0 | sending address=0
Time=335000 | Saved Address=0006 | Address_Out=0000 | test_bus=00 | Bus_Out=00 | reading data=0 | writing data=0 | sending address=0
Time=355000 | Saved Address=0006 | Address_Out=0007 | test_bus=00 | Bus_Out=00 | reading data=1 | writing data=0 | sending address=1
Time=365000 | Saved Address=0007 | Address_Out=0000 | test_bus=00 | Bus_Out=00 | reading data=0 | writing data=0 | sending address=0
Time=375000 | Saved Address=0007 | Address_Out=0000 | test_bus=01 | Bus_Out=00 | reading data=0 | writing data=0 | sending address=0
Time=395000 | Saved Address=0007 | Address_Out=0008 | test_bus=01 | Bus_Out=00 | reading data=1 | writing data=0 | sending address=1
Time=405000 | Saved Address=0008 | Address_Out=0000 | test_bus=01 | Bus_Out=00 | reading data=0 | writing data=0 | sending address=0
Time=415000 | Saved Address=0008 | Address_Out=0000 | test_bus=cd | Bus_Out=00 | reading data=0 | writing data=0 | sending address=0
Time=435000 | Saved Address=0008 | Address_Out=0009 | test_bus=cd | Bus_Out=00 | reading data=1 | writing data=0 | sending address=1
Time=445000 | Saved Address=0009 | Address_Out=0000 | test_bus=cd | Bus_Out=00 | reading data=0 | writing data=0 | sending address=0
Time=455000 | Saved Address=0009 | Address_Out=0000 | test_bus=ab | Bus_Out=00 | reading data=0 | writing data=0 | sending address=0
Time=475000 | Saved Address=0009 | Address_Out=000a | test_bus=ab | Bus_Out=00 | reading data=1 | writing data=0 | sending address=1
Time=485000 | Saved Address=000a | Address_Out=0000 | test_bus=ab | Bus_Out=00 | reading data=0 | writing data=0 | sending address=0
Time=495000 | Saved Address=000a | Address_Out=abcd | test_bus=21 | Bus_Out=00 | reading data=0 | writing data=0 | sending address=0
Time=505000 | Saved Address=000a | Address_Out=0000 | test_bus=21 | Bus_Out=00 | reading data=0 | writing data=0 | sending address=0
Time=515000 | Saved Address=000a | Address_Out=000b | test_bus=21 | Bus_Out=00 | reading data=1 | writing data=0 | sending address=1
Time=525000 | Saved Address=000b | Address_Out=0000 | test_bus=21 | Bus_Out=00 | reading data=0 | writing data=0 | sending address=0
Time=535000 | Saved Address=000b | Address_Out=0000 | test_bus=33 | Bus_Out=00 | reading data=0 | writing data=0 | sending address=0
Time=555000 | Saved Address=000b | Address_Out=000c | test_bus=33 | Bus_Out=00 | reading data=1 | writing data=0 | sending address=1
Time=565000 | Saved Address=000c | Address_Out=0000 | test_bus=33 | Bus_Out=00 | reading data=0 | writing data=0 | sending address=0
Time=575000 | Saved Address=000c | Address_Out=0000 | test_bus=54 | Bus_Out=00 | reading data=0 | writing data=0 | sending address=0
Time=595000 | Saved Address=000c | Address_Out=000d | test_bus=54 | Bus_Out=00 | reading data=1 | writing data=0 | sending address=1
Time=605000 | Saved Address=000d | Address_Out=0000 | test_bus=54 | Bus_Out=00 | reading data=0 | writing data=0 | sending address=0
Time=615000 | Saved Address=000d | Address_Out=5433 | test_bus=09 | Bus_Out=00 | reading data=0 | writing data=0 | sending address=0
Time=625000 | Saved Address=000d | Address_Out=0000 | test_bus=09 | Bus_Out=00 | reading data=0 | writing data=0 | sending address=0
Time=635000 | Saved Address=000d | Address_Out=0000 | test_bus=09 | Bus_Out=00 | reading data=1 | writing data=0 | sending address=0
Time=645000 | Saved Address=000d | Address_Out=abcd | test_bus=09 | Bus_Out=00 | reading data=0 | writing data=0 | sending address=0
Time=655000 | Saved Address=000d | Address_Out=0000 | test_bus=09 | Bus_Out=00 | reading data=0 | writing data=0 | sending address=0
Time=675000 | Saved Address=000d | Address_Out=000e | test_bus=09 | Bus_Out=00 | reading data=0 | writing data=0 | sending address=1
Time=685000 | Saved Address=000e | Address_Out=0000 | test_bus=09 | Bus_Out=00 | reading data=0 | writing data=0 | sending address=0
Time=695000 | Saved Address=000e | Address_Out=0000 | test_bus=38 | Bus_Out=00 | reading data=0 | writing data=0 | sending address=0
Time=715000 | Saved Address=000e | Address_Out=000f | test_bus=38 | Bus_Out=00 | reading data=1 | writing data=0 | sending address=1
Time=725000 | Saved Address=000f | Address_Out=0000 | test_bus=38 | Bus_Out=00 | reading data=0 | writing data=0 | sending address=0
Time=735000 | Saved Address=000f | Address_Out=0000 | test_bus=fd | Bus_Out=00 | reading data=0 | writing data=0 | sending address=0
Time=755000 | Saved Address=000f | Address_Out=0000 | test_bus=fd | Bus_Out=00 | reading data=1 | writing data=0 | sending address=0
Time=765000 | Saved Address=000f | Address_Out=0010 | test_bus=fd | Bus_Out=fd | reading data=0 | writing data=0 | sending address=0
Time=775000 | Saved Address=000f | Address_Out=0000 | test_bus=fd | Bus_Out=00 | reading data=0 | writing data=0 | sending address=0
Time=795000 | Saved Address=000f | Address_Out=000d | test_bus=fd | Bus_Out=00 | reading data=0 | writing data=0 | sending address=1
Time=805000 | Saved Address=000d | Address_Out=0000 | test_bus=fd | Bus_Out=00 | reading data=0 | writing data=0 | sending address=0
Time=815000 | Saved Address=000d | Address_Out=0000 | test_bus=09 | Bus_Out=00 | reading data=0 | writing data=0 | sending address=0
Time=835000 | Saved Address=000d | Address_Out=0000 | test_bus=09 | Bus_Out=00 | reading data=1 | writing data=0 | sending address=0
Time=845000 | Saved Address=000d | Address_Out=abcd | test_bus=09 | Bus_Out=00 | reading data=0 | writing data=0 | sending address=0
Time=855000 | Saved Address=000d | Address_Out=0000 | test_bus=09 | Bus_Out=00 | reading data=0 | writing data=0 | sending address=0
Time=875000 | Saved Address=000d | Address_Out=000e | test_bus=09 | Bus_Out=00 | reading data=0 | writing data=0 | sending address=1
Time=885000 | Saved Address=000e | Address_Out=0000 | test_bus=09 | Bus_Out=00 | reading data=0 | writing data=0 | sending address=0
Time=895000 | Saved Address=000e | Address_Out=0000 | test_bus=38 | Bus_Out=00 | reading data=0 | writing data=0 | sending address=0
Time=915000 | Saved Address=000e | Address_Out=000f | test_bus=38 | Bus_Out=00 | reading data=1 | writing data=0 | sending address=1
Time=925000 | Saved Address=000f | Address_Out=0000 | test_bus=38 | Bus_Out=00 | reading data=0 | writing data=0 | sending address=0
Time=935000 | Saved Address=000f | Address_Out=0000 | test_bus=fd | Bus_Out=00 | reading data=0 | writing data=0 | sending address=0
Time=955000 | Saved Address=000f | Address_Out=0010 | test_bus=fd | Bus_Out=00 | reading data=1 | writing data=0 | sending address=1
Time=965000 | Saved Address=0010 | Address_Out=0000 | test_bus=fd | Bus_Out=00 | reading data=0 | writing data=0 | sending address=0
Time=975000 | Saved Address=0010 | Address_Out=0000 | test_bus=11 | Bus_Out=00 | reading data=0 | writing data=0 | sending address=0
Time=995000 | Saved Address=0010 | Address_Out=0011 | test_bus=11 | Bus_Out=00 | reading data=1 | writing data=0 | sending address=1
Time=0 | Saved Address=0000 | Address_Out=0000 | test_bus=31 | Bus_Out=00 | reading data=1 | writing data=0 | sending address=1
Time=5000 | Saved Address=0000 | Address_Out=0000 | test_bus=31 | Bus_Out=00 | reading data=0 | writing data=0 | sending address=0
Time=35000 | Saved Address=0000 | Address_Out=0001 | test_bus=31 | Bus_Out=00 | reading data=1 | writing data=0 | sending address=1
Time=45000 | Saved Address=0001 | Address_Out=0000 | test_bus=31 | Bus_Out=00 | reading data=0 | writing data=0 | sending address=0
Time=55000 | Saved Address=0001 | Address_Out=0000 | test_bus=fd | Bus_Out=00 | reading data=0 | writing data=0 | sending address=0
Time=75000 | Saved Address=0001 | Address_Out=0002 | test_bus=fd | Bus_Out=00 | reading data=1 | writing data=0 | sending address=1
Time=85000 | Saved Address=0002 | Address_Out=0000 | test_bus=fd | Bus_Out=00 | reading data=0 | writing data=0 | sending address=0
Time=95000 | Saved Address=0002 | Address_Out=0000 | test_bus=ff | Bus_Out=00 | reading data=0 | writing data=0 | sending address=0
Time=115000 | Saved Address=0002 | Address_Out=0003 | test_bus=ff | Bus_Out=00 | reading data=1 | writing data=0 | sending address=1
Time=125000 | Saved Address=0003 | Address_Out=0000 | test_bus=ff | Bus_Out=00 | reading data=0 | writing data=0 | sending address=0
Time=135000 | Saved Address=0003 | Address_Out=fffd | test_bus=08 | Bus_Out=00 | reading data=0 | writing data=0 | sending address=0
Time=145000 | Saved Address=0003 | Address_Out=0000 | test_bus=08 | Bus_Out=00 | reading data=0 | writing data=0 | sending address=0
Time=155000 | Saved Address=0003 | Address_Out=0004 | test_bus=08 | Bus_Out=00 | reading data=1 | writing data=0 | sending address=1
Time=165000 | Saved Address=0004 | Address_Out=0000 | test_bus=08 | Bus_Out=00 | reading data=0 | writing data=0 | sending address=0
Time=175000 | Saved Address=0004 | Address_Out=0000 | test_bus=00 | Bus_Out=00 | reading data=0 | writing data=0 | sending address=0
Time=195000 | Saved Address=0004 | Address_Out=0005 | test_bus=00 | Bus_Out=00 | reading data=1 | writing data=0 | sending address=1
Time=205000 | Saved Address=0005 | Address_Out=0000 | test_bus=00 | Bus_Out=00 | reading data=0 | writing data=0 | sending address=0
Time=215000 | Saved Address=0005 | Address_Out=0000 | test_bus=80 | Bus_Out=00 | reading data=0 | writing data=0 | sending address=0
Time=235000 | Saved Address=0005 | Address_Out=8000 | test_bus=80 | Bus_Out=00 | reading data=1 | writing data=0 | sending address=1
Time=245000 | Saved Address=8000 | Address_Out=0000 | test_bus=80 | Bus_Out=00 | reading data=0 | writing data=0 | sending address=0
Time=255000 | Saved Address=8000 | Address_Out=0000 | test_bus=31 | Bus_Out=00 | reading data=0 | writing data=0 | sending address=0
Time=265000 | Saved Address=8000 | Address_Out=fffd | test_bus=31 | Bus_Out=00 | reading data=0 | writing data=0 | sending address=0
Time=275000 | Saved Address=8000 | Address_Out=8001 | test_bus=31 | Bus_Out=fd | reading data=0 | writing data=1 | sending address=1
Time=285000 | Saved Address=8001 | Address_Out=0000 | test_bus=31 | Bus_Out=00 | reading data=0 | writing data=0 | sending address=0
Time=295000 | Saved Address=8001 | Address_Out=0000 | test_bus=fd | Bus_Out=00 | reading data=0 | writing data=0 | sending address=0
Time=305000 | Saved Address=8001 | Address_Out=fffd | test_bus=fd | Bus_Out=00 | reading data=0 | writing data=0 | sending address=0
Time=315000 | Saved Address=8001 | Address_Out=0006 | test_bus=fd | Bus_Out=ff | reading data=0 | writing data=1 | sending address=1
Time=325000 | Saved Address=0006 | Address_Out=0000 | test_bus=fd | Bus_Out=00 | reading data=0 | writing data=0 | sending address=0
Time=335000 | Saved Address=0006 | Address_Out=0000 | test_bus=00 | Bus_Out=00 | reading data=0 | writing data=0 | sending address=0
Time=355000 | Saved Address=0006 | Address_Out=0007 | test_bus=00 | Bus_Out=00 | reading data=1 | writing data=0 | sending address=1
Time=365000 | Saved Address=0007 | Address_Out=0000 | test_bus=00 | Bus_Out=00 | reading data=0 | writing data=0 | sending address=0
Time=375000 | Saved Address=0007 | Address_Out=0000 | test_bus=01 | Bus_Out=00 | reading data=0 | writing data=0 | sending address=0
Time=395000 | Saved Address=0007 | Address_Out=0008 | test_bus=01 | Bus_Out=00 | reading data=1 | writing data=0 | sending address=1
Time=405000 | Saved Address=0008 | Address_Out=0000 | test_bus=01 | Bus_Out=00 | reading data=0 | writing data=0 | sending address=0
Time=415000 | Saved Address=0008 | Address_Out=0000 | test_bus=cd | Bus_Out=00 | reading data=0 | writing data=0 | sending address=0
Time=435000 | Saved Address=0008 | Address_Out=0009 | test_bus=cd | Bus_Out=00 | reading data=1 | writing data=0 | sending address=1
Time=445000 | Saved Address=0009 | Address_Out=0000 | test_bus=cd | Bus_Out=00 | reading data=0 | writing data=0 | sending address=0
Time=455000 | Saved Address=0009 | Address_Out=0000 | test_bus=ab | Bus_Out=00 | reading data=0 | writing data=0 | sending address=0
Time=475000 | Saved Address=0009 | Address_Out=000a | test_bus=ab | Bus_Out=00 | reading data=1 | writing data=0 | sending address=1
Time=485000 | Saved Address=000a | Address_Out=0000 | test_bus=ab | Bus_Out=00 | reading data=0 | writing data=0 | sending address=0
Time=495000 | Saved Address=000a | Address_Out=abcd | test_bus=21 | Bus_Out=00 | reading data=0 | writing data=0 | sending address=0
Time=505000 | Saved Address=000a | Address_Out=0000 | test_bus=21 | Bus_Out=00 | reading data=0 | writing data=0 | sending address=0
Time=515000 | Saved Address=000a | Address_Out=000b | test_bus=21 | Bus_Out=00 | reading data=1 | writing data=0 | sending address=1
Time=525000 | Saved Address=000b | Address_Out=0000 | test_bus=21 | Bus_Out=00 | reading data=0 | writing data=0 | sending address=0
Time=535000 | Saved Address=000b | Address_Out=0000 | test_bus=33 | Bus_Out=00 | reading data=0 | writing data=0 | sending address=0
Time=555000 | Saved Address=000b | Address_Out=000c | test_bus=33 | Bus_Out=00 | reading data=1 | writing data=0 | sending address=1
Time=565000 | Saved Address=000c | Address_Out=0000 | test_bus=33 | Bus_Out=00 | reading data=0 | writing data=0 | sending address=0
Time=575000 | Saved Address=000c | Address_Out=0000 | test_bus=54 | Bus_Out=00 | reading data=0 | writing data=0 | sending address=0
Time=595000 | Saved Address=000c | Address_Out=000d | test_bus=54 | Bus_Out=00 | reading data=1 | writing data=0 | sending address=1
Time=605000 | Saved Address=000d | Address_Out=0000 | test_bus=54 | Bus_Out=00 | reading data=0 | writing data=0 | sending address=0
Time=615000 | Saved Address=000d | Address_Out=5433 | test_bus=09 | Bus_Out=00 | reading data=0 | writing data=0 | sending address=0
Time=625000 | Saved Address=000d | Address_Out=0000 | test_bus=09 | Bus_Out=00 | reading data=0 | writing data=0 | sending address=0
Time=635000 | Saved Address=000d | Address_Out=0000 | test_bus=09 | Bus_Out=00 | reading data=1 | writing data=0 | sending address=0
Time=645000 | Saved Address=000d | Address_Out=abcd | test_bus=09 | Bus_Out=00 | reading data=0 | writing data=0 | sending address=0
Time=655000 | Saved Address=000d | Address_Out=0000 | test_bus=09 | Bus_Out=00 | reading data=0 | writing data=0 | sending address=0
Time=675000 | Saved Address=000d | Address_Out=000e | test_bus=09 | Bus_Out=00 | reading data=0 | writing data=0 | sending address=1
Time=685000 | Saved Address=000e | Address_Out=0000 | test_bus=09 | Bus_Out=00 | reading data=0 | writing data=0 | sending address=0
Time=695000 | Saved Address=000e | Address_Out=0000 | test_bus=38 | Bus_Out=00 | reading data=0 | writing data=0 | sending address=0
Time=715000 | Saved Address=000e | Address_Out=000f | test_bus=38 | Bus_Out=00 | reading data=1 | writing data=0 | sending address=1
Time=725000 | Saved Address=000f | Address_Out=0000 | test_bus=38 | Bus_Out=00 | reading data=0 | writing data=0 | sending address=0
Time=735000 | Saved Address=000f | Address_Out=0000 | test_bus=fd | Bus_Out=00 | reading data=0 | writing data=0 | sending address=0
Time=755000 | Saved Address=000f | Address_Out=0000 | test_bus=fd | Bus_Out=00 | reading data=1 | writing data=0 | sending address=0
Time=765000 | Saved Address=000f | Address_Out=0010 | test_bus=fd | Bus_Out=fd | reading data=0 | writing data=0 | sending address=0
Time=775000 | Saved Address=000f | Address_Out=0000 | test_bus=fd | Bus_Out=00 | reading data=0 | writing data=0 | sending address=0
Time=795000 | Saved Address=000f | Address_Out=000d | test_bus=fd | Bus_Out=00 | reading data=0 | writing data=0 | sending address=1
Time=805000 | Saved Address=000d | Address_Out=0000 | test_bus=fd | Bus_Out=00 | reading data=0 | writing data=0 | sending address=0
Time=815000 | Saved Address=000d | Address_Out=0000 | test_bus=09 | Bus_Out=00 | reading data=0 | writing data=0 | sending address=0
Time=835000 | Saved Address=000d | Address_Out=0000 | test_bus=09 | Bus_Out=00 | reading data=1 | writing data=0 | sending address=0
Time=845000 | Saved Address=000d | Address_Out=abcd | test_bus=09 | Bus_Out=00 | reading data=0 | writing data=0 | sending address=0
Time=855000 | Saved Address=000d | Address_Out=0000 | test_bus=09 | Bus_Out=00 | reading data=0 | writing data=0 | sending address=0
Time=875000 | Saved Address=000d | Address_Out=000e | test_bus=09 | Bus_Out=00 | reading data=0 | writing data=0 | sending address=1
Time=885000 | Saved Address=000e | Address_Out=0000 | test_bus=09 | Bus_Out=00 | reading data=0 | writing data=0 | sending address=0
Time=895000 | Saved Address=000e | Address_Out=0000 | test_bus=38 | Bus_Out=00 | reading data=0 | writing data=0 | sending address=0
Time=915000 | Saved Address=000e | Address_Out=000f | test_bus=38 | Bus_Out=00 | reading data=1 | writing data=0 | sending address=1
Time=925000 | Saved Address=000f | Address_Out=0000 | test_bus=38 | Bus_Out=00 | reading data=0 | writing data=0 | sending address=0
Time=935000 | Saved Address=000f | Address_Out=0000 | test_bus=fd | Bus_Out=00 | reading data=0 | writing data=0 | sending address=0
Time=955000 | Saved Address=000f | Address_Out=0010 | test_bus=fd | Bus_Out=00 | reading data=1 | writing data=0 | sending address=1
Time=965000 | Saved Address=0010 | Address_Out=0000 | test_bus=fd | Bus_Out=00 | reading data=0 | writing data=0 | sending address=0
Time=975000 | Saved Address=0010 | Address_Out=0000 | test_bus=11 | Bus_Out=00 | reading data=0 | writing data=0 | sending address=0
Time=995000 | Saved Address=0010 | Address_Out=0011 | test_bus=11 | Bus_Out=00 | reading data=1 | writing data=0 | sending address=1
Time=1005000 | Saved Address=0011 | Address_Out=0000 | test_bus=11 | Bus_Out=00 | reading data=0 | writing data=0 | sending address=0
Time=1015000 | Saved Address=0011 | Address_Out=0000 | test_bus=50 | Bus_Out=00 | reading data=0 | writing data=0 | sending address=0
Time=1035000 | Saved Address=0011 | Address_Out=0012 | test_bus=50 | Bus_Out=00 | reading data=1 | writing data=0 | sending address=1
Time=1045000 | Saved Address=0012 | Address_Out=0000 | test_bus=50 | Bus_Out=00 | reading data=0 | writing data=0 | sending address=0
Time=1055000 | Saved Address=0012 | Address_Out=0000 | test_bus=00 | Bus_Out=00 | reading data=0 | writing data=0 | sending address=0
Time=1075000 | Saved Address=0012 | Address_Out=0013 | test_bus=00 | Bus_Out=00 | reading data=1 | writing data=0 | sending address=1
Time=1085000 | Saved Address=0013 | Address_Out=0000 | test_bus=00 | Bus_Out=00 | reading data=0 | writing data=0 | sending address=0
Time=1095000 | Saved Address=0013 | Address_Out=0050 | test_bus=1a | Bus_Out=00 | reading data=0 | writing data=0 | sending address=0
Time=1105000 | Saved Address=0013 | Address_Out=0000 | test_bus=1a | Bus_Out=00 | reading data=0 | writing data=0 | sending address=0
Time=1115000 | Saved Address=0013 | Address_Out=0050 | test_bus=1a | Bus_Out=00 | reading data=1 | writing data=0 | sending address=1
Time=1125000 | Saved Address=0050 | Address_Out=0000 | test_bus=1a | Bus_Out=00 | reading data=0 | writing data=0 | sending address=0
Time=1135000 | Saved Address=0050 | Address_Out=0000 | test_bus=aa | Bus_Out=00 | reading data=0 | writing data=0 | sending address=0
Time=1155000 | Saved Address=0050 | Address_Out=0014 | test_bus=aa | Bus_Out=00 | reading data=1 | writing data=0 | sending address=1
Time=1165000 | Saved Address=0014 | Address_Out=0000 | test_bus=aa | Bus_Out=00 | reading data=0 | writing data=0 | sending address=0
Time=1175000 | Saved Address=0014 | Address_Out=0000 | test_bus=02 | Bus_Out=00 | reading data=0 | writing data=0 | sending address=0
Time=1195000 | Saved Address=0014 | Address_Out=abcd | test_bus=02 | Bus_Out=00 | reading data=1 | writing data=0 | sending address=1
Time=1205000 | Saved Address=abcd | Address_Out=0000 | test_bus=02 | Bus_Out=00 | reading data=0 | writing data=0 | sending address=0
Time=1215000 | Saved Address=abcd | Address_Out=0000 | test_bus=1f | Bus_Out=00 | reading data=0 | writing data=0 | sending address=0
Time=1235000 | Saved Address=abcd | Address_Out=0015 | test_bus=1f | Bus_Out=aa | reading data=0 | writing data=1 | sending address=1
Time=1245000 | Saved Address=0015 | Address_Out=0000 | test_bus=1f | Bus_Out=00 | reading data=0 | writing data=0 | sending address=0
Time=1255000 | Saved Address=0015 | Address_Out=0000 | test_bus=22 | Bus_Out=00 | reading data=0 | writing data=0 | sending address=0
Time=1275000 | Saved Address=0015 | Address_Out=abcd | test_bus=22 | Bus_Out=00 | reading data=1 | writing data=0 | sending address=1
Time=1285000 | Saved Address=abcd | Address_Out=0000 | test_bus=22 | Bus_Out=00 | reading data=0 | writing data=0 | sending address=0
Time=1295000 | Saved Address=abcd | Address_Out=0000 | test_bus=aa | Bus_Out=00 | reading data=0 | writing data=0 | sending address=0
Time=1315000 | Saved Address=abcd | Address_Out=0016 | test_bus=aa | Bus_Out=aa | reading data=0 | writing data=1 | sending address=1
Time=1325000 | Saved Address=0016 | Address_Out=0000 | test_bus=aa | Bus_Out=00 | reading data=0 | writing data=0 | sending address=0
Time=1335000 | Saved Address=0016 | Address_Out=0000 | test_bus=3a | Bus_Out=00 | reading data=0 | writing data=0 | sending address=0
Time=1355000 | Saved Address=0016 | Address_Out=abce | test_bus=3a | Bus_Out=00 | reading data=1 | writing data=0 | sending address=1
Time=1365000 | Saved Address=abce | Address_Out=0000 | test_bus=3a | Bus_Out=00 | reading data=0 | writing data=0 | sending address=0
Time=1375000 | Saved Address=abce | Address_Out=0000 | test_bus=99 | Bus_Out=00 | reading data=0 | writing data=0 | sending address=0
Time=1395000 | Saved Address=abce | Address_Out=0017 | test_bus=99 | Bus_Out=00 | reading data=1 | writing data=0 | sending address=1
Time=1405000 | Saved Address=0017 | Address_Out=0000 | test_bus=99 | Bus_Out=00 | reading data=0 | writing data=0 | sending address=0
Time=1415000 | Saved Address=0017 | Address_Out=0000 | test_bus=13 | Bus_Out=00 | reading data=0 | writing data=0 | sending address=0
Time=1435000 | Saved Address=0017 | Address_Out=0000 | test_bus=13 | Bus_Out=00 | reading data=1 | writing data=0 | sending address=0
Time=1445000 | Saved Address=0017 | Address_Out=0050 | test_bus=13 | Bus_Out=00 | reading data=0 | writing data=0 | sending address=0
Time=1455000 | Saved Address=0017 | Address_Out=0000 | test_bus=13 | Bus_Out=00 | reading data=0 | writing data=0 | sending address=0
Time=1475000 | Saved Address=0017 | Address_Out=0018 | test_bus=13 | Bus_Out=00 | reading data=0 | writing data=0 | sending address=1
Time=1485000 | Saved Address=0018 | Address_Out=0000 | test_bus=13 | Bus_Out=00 | reading data=0 | writing data=0 | sending address=0
Time=1495000 | Saved Address=0018 | Address_Out=0000 | test_bus=0b | Bus_Out=00 | reading data=0 | writing data=0 | sending address=0
Time=1515000 | Saved Address=0018 | Address_Out=0000 | test_bus=0b | Bus_Out=00 | reading data=1 | writing data=0 | sending address=0
Time=1525000 | Saved Address=0018 | Address_Out=abcd | test_bus=0b | Bus_Out=00 | reading data=0 | writing data=0 | sending address=0
Time=1535000 | Saved Address=0018 | Address_Out=0000 | test_bus=0b | Bus_Out=00 | reading data=0 | writing data=0 | sending address=0
Time=1555000 | Saved Address=0018 | Address_Out=0019 | test_bus=0b | Bus_Out=00 | reading data=0 | writing data=0 | sending address=1
Time=1565000 | Saved Address=0019 | Address_Out=0000 | test_bus=0b | Bus_Out=00 | reading data=0 | writing data=0 | sending address=0
Time=1575000 | Saved Address=0019 | Address_Out=0000 | test_bus=3d | Bus_Out=00 | reading data=0 | writing data=0 | sending address=0
Time=1595000 | Saved Address=0019 | Address_Out=001a | test_bus=3d | Bus_Out=00 | reading data=1 | writing data=0 | sending address=1
Time=1605000 | Saved Address=001a | Address_Out=0000 | test_bus=3d | Bus_Out=99 | reading data=0 | writing data=0 | sending address=0
Time=1615000 | Saved Address=001a | Address_Out=0000 | test_bus=01 | Bus_Out=00 | reading data=0 | writing data=0 | sending address=0
Time=1635000 | Saved Address=001a | Address_Out=001b | test_bus=01 | Bus_Out=00 | reading data=1 | writing data=0 | sending address=1
Time=1645000 | Saved Address=001b | Address_Out=0000 | test_bus=01 | Bus_Out=00 | reading data=0 | writing data=0 | sending address=0
Time=1655000 | Saved Address=001b | Address_Out=0000 | test_bus=00 | Bus_Out=00 | reading data=0 | writing data=0 | sending address=0
Time=1675000 | Saved Address=001b | Address_Out=001c | test_bus=00 | Bus_Out=00 | reading data=1 | writing data=0 | sending address=1
Time=1685000 | Saved Address=001c | Address_Out=0000 | test_bus=00 | Bus_Out=00 | reading data=0 | writing data=0 | sending address=0
Time=1695000 | Saved Address=001c | Address_Out=0000 | test_bus=0f | Bus_Out=00 | reading data=0 | writing data=0 | sending address=0
Time=1715000 | Saved Address=001c | Address_Out=001d | test_bus=0f | Bus_Out=00 | reading data=1 | writing data=0 | sending address=1
Time=1725000 | Saved Address=001d | Address_Out=0000 | test_bus=0f | Bus_Out=00 | reading data=0 | writing data=0 | sending address=0
Time=1735000 | Saved Address=001d | Address_Out=0f00 | test_bus=0d | Bus_Out=00 | reading data=0 | writing data=0 | sending address=0
Time=1745000 | Saved Address=001d | Address_Out=0000 | test_bus=0d | Bus_Out=00 | reading data=0 | writing data=0 | sending address=0
Time=1755000 | Saved Address=001d | Address_Out=001e | test_bus=0d | Bus_Out=00 | reading data=1 | writing data=0 | sending address=1
Time=1765000 | Saved Address=001e | Address_Out=0000 | test_bus=0d | Bus_Out=00 | reading data=0 | writing data=0 | sending address=0
Time=1775000 | Saved Address=001e | Address_Out=0000 | test_bus=0c | Bus_Out=00 | reading data=0 | writing data=0 | sending address=0
Time=1795000 | Saved Address=001e | Address_Out=001f | test_bus=0c | Bus_Out=00 | reading data=1 | writing data=0 | sending address=1
Time=1805000 | Saved Address=001f | Address_Out=0000 | test_bus=0c | Bus_Out=ff | reading data=0 | writing data=0 | sending address=0
Time=1815000 | Saved Address=001f | Address_Out=0000 | test_bus=0c | Bus_Out=00 | reading data=0 | writing data=0 | sending address=0
Time=1835000 | Saved Address=001f | Address_Out=0020 | test_bus=0c | Bus_Out=00 | reading data=1 | writing data=0 | sending address=1
Time=1845000 | Saved Address=0020 | Address_Out=0000 | test_bus=0c | Bus_Out=00 | reading data=0 | writing data=0 | sending address=0
Time=1855000 | Saved Address=0020 | Address_Out=0000 | test_bus=0d | Bus_Out=00 | reading data=0 | writing data=0 | sending address=0
Time=1875000 | Saved Address=0020 | Address_Out=0021 | test_bus=0d | Bus_Out=00 | reading data=1 | writing data=0 | sending address=1
Time=1885000 | Saved Address=0021 | Address_Out=0000 | test_bus=0d | Bus_Out=01 | reading data=0 | writing data=0 | sending address=0
Time=1895000 | Saved Address=0021 | Address_Out=0000 | test_bus=34 | Bus_Out=00 | reading data=0 | writing data=0 | sending address=0
Time=1915000 | Saved Address=0021 | Address_Out=abcd | test_bus=34 | Bus_Out=00 | reading data=1 | writing data=0 | sending address=1
Time=1925000 | Saved Address=abcd | Address_Out=0000 | test_bus=34 | Bus_Out=00 | reading data=0 | writing data=0 | sending address=0
Time=1935000 | Saved Address=abcd | Address_Out=0000 | test_bus=aa | Bus_Out=00 | reading data=0 | writing data=0 | sending address=0
Time=1955000 | Saved Address=abcd | Address_Out=abcd | test_bus=aa | Bus_Out=00 | reading data=1 | writing data=0 | sending address=1
Time=1965000 | Saved Address=abcd | Address_Out=0000 | test_bus=aa | Bus_Out=aa | reading data=0 | writing data=0 | sending address=0
Time=1975000 | Saved Address=abcd | Address_Out=0000 | test_bus=aa | Bus_Out=00 | reading data=0 | writing data=0 | sending address=0
Time=1995000 | Saved Address=abcd | Address_Out=0022 | test_bus=aa | Bus_Out=ab | reading data=0 | writing data=1 | sending address=1
Time=2005000 | Saved Address=0022 | Address_Out=0000 | test_bus=aa | Bus_Out=00 | reading data=0 | writing data=0 | sending address=0
Time=2015000 | Saved Address=0022 | Address_Out=0000 | test_bus=3e | Bus_Out=00 | reading data=0 | writing data=0 | sending address=0
Time=2035000 | Saved Address=0022 | Address_Out=0023 | test_bus=3e | Bus_Out=00 | reading data=1 | writing data=0 | sending address=1
Time=2045000 | Saved Address=0023 | Address_Out=0000 | test_bus=3e | Bus_Out=00 | reading data=0 | writing data=0 | sending address=0
Time=2055000 | Saved Address=0023 | Address_Out=0000 | test_bus=f1 | Bus_Out=00 | reading data=0 | writing data=0 | sending address=0
Time=2075000 | Saved Address=0023 | Address_Out=0024 | test_bus=f1 | Bus_Out=00 | reading data=1 | writing data=0 | sending address=1
Time=2085000 | Saved Address=0024 | Address_Out=0000 | test_bus=f1 | Bus_Out=00 | reading data=0 | writing data=0 | sending address=0
Time=2095000 | Saved Address=0024 | Address_Out=0000 | test_bus=17 | Bus_Out=00 | reading data=0 | writing data=0 | sending address=0
Time=2115000 | Saved Address=0024 | Address_Out=0025 | test_bus=17 | Bus_Out=00 | reading data=1 | writing data=0 | sending address=1
Time=2125000 | Saved Address=0025 | Address_Out=0000 | test_bus=17 | Bus_Out=f1 | reading data=0 | writing data=0 | sending address=0
Time=2135000 | Saved Address=0025 | Address_Out=0000 | test_bus=07 | Bus_Out=00 | reading data=0 | writing data=0 | sending address=0
Time=2155000 | Saved Address=0025 | Address_Out=0026 | test_bus=07 | Bus_Out=00 | reading data=1 | writing data=0 | sending address=1
Time=2165000 | Saved Address=0026 | Address_Out=0000 | test_bus=07 | Bus_Out=e2 | reading data=0 | writing data=0 | sending address=0
Time=2175000 | Saved Address=0026 | Address_Out=0000 | test_bus=2f | Bus_Out=00 | reading data=0 | writing data=0 | sending address=0
Time=2195000 | Saved Address=0026 | Address_Out=0027 | test_bus=2f | Bus_Out=00 | reading data=1 | writing data=0 | sending address=1
Time=2205000 | Saved Address=0027 | Address_Out=0000 | test_bus=2f | Bus_Out=c5 | reading data=0 | writing data=0 | sending address=0
Time=2215000 | Saved Address=0027 | Address_Out=0000 | test_bus=3f | Bus_Out=00 | reading data=0 | writing data=0 | sending address=0
Time=2235000 | Saved Address=0027 | Address_Out=0028 | test_bus=3f | Bus_Out=00 | reading data=1 | writing data=0 | sending address=1
Time=2245000 | Saved Address=0028 | Address_Out=0000 | test_bus=3f | Bus_Out=3a | reading data=0 | writing data=0 | sending address=0
Time=2255000 | Saved Address=0028 | Address_Out=0000 | test_bus=36 | Bus_Out=00 | reading data=0 | writing data=0 | sending address=0
Time=2275000 | Saved Address=0028 | Address_Out=0029 | test_bus=36 | Bus_Out=00 | reading data=1 | writing data=0 | sending address=1
Time=2285000 | Saved Address=0029 | Address_Out=0000 | test_bus=36 | Bus_Out=00 | reading data=0 | writing data=0 | sending address=0
Time=2295000 | Saved Address=0029 | Address_Out=0000 | test_bus=2b | Bus_Out=00 | reading data=0 | writing data=0 | sending address=0
Time=2315000 | Saved Address=0029 | Address_Out=abcd | test_bus=2b | Bus_Out=00 | reading data=1 | writing data=0 | sending address=1
Time=2325000 | Saved Address=abcd | Address_Out=0000 | test_bus=2b | Bus_Out=00 | reading data=0 | writing data=0 | sending address=0
Time=2335000 | Saved Address=abcd | Address_Out=0000 | test_bus=ab | Bus_Out=00 | reading data=0 | writing data=0 | sending address=0
Time=2355000 | Saved Address=abcd | Address_Out=002a | test_bus=ab | Bus_Out=2b | reading data=0 | writing data=1 | sending address=1
Time=2365000 | Saved Address=002a | Address_Out=0000 | test_bus=ab | Bus_Out=00 | reading data=0 | writing data=0 | sending address=0
Time=2375000 | Saved Address=002a | Address_Out=0000 | test_bus=4b | Bus_Out=00 | reading data=0 | writing data=0 | sending address=0
Time=2395000 | Saved Address=002a | Address_Out=002b | test_bus=4b | Bus_Out=00 | reading data=1 | writing data=0 | sending address=1
Time=2405000 | Saved Address=002b | Address_Out=0000 | test_bus=4b | Bus_Out=51 | reading data=0 | writing data=0 | sending address=0
Time=2415000 | Saved Address=002b | Address_Out=0000 | test_bus=7e | Bus_Out=00 | reading data=0 | writing data=0 | sending address=0
Time=2435000 | Saved Address=002b | Address_Out=abcd | test_bus=7e | Bus_Out=00 | reading data=1 | writing data=0 | sending address=1
Time=2445000 | Saved Address=abcd | Address_Out=0000 | test_bus=7e | Bus_Out=00 | reading data=0 | writing data=0 | sending address=0
Time=2455000 | Saved Address=abcd | Address_Out=0000 | test_bus=2b | Bus_Out=00 | reading data=0 | writing data=0 | sending address=0
Time=2475000 | Saved Address=abcd | Address_Out=002c | test_bus=2b | Bus_Out=00 | reading data=1 | writing data=0 | sending address=1
Time=2485000 | Saved Address=002c | Address_Out=0000 | test_bus=2b | Bus_Out=00 | reading data=0 | writing data=0 | sending address=0
Time=2495000 | Saved Address=002c | Address_Out=0000 | test_bus=cd | Bus_Out=00 | reading data=0 | writing data=0 | sending address=0
Time=2515000 | Saved Address=002c | Address_Out=002d | test_bus=cd | Bus_Out=00 | reading data=1 | writing data=0 | sending address=1
Time=2525000 | Saved Address=002d | Address_Out=0000 | test_bus=cd | Bus_Out=00 | reading data=0 | writing data=0 | sending address=0
Time=2535000 | Saved Address=002d | Address_Out=0000 | test_bus=80 | Bus_Out=00 | reading data=0 | writing data=0 | sending address=0
Time=2555000 | Saved Address=002d | Address_Out=002e | test_bus=80 | Bus_Out=00 | reading data=1 | writing data=0 | sending address=1
Time=2565000 | Saved Address=002e | Address_Out=0000 | test_bus=80 | Bus_Out=00 | reading data=0 | writing data=0 | sending address=0
Time=2575000 | Saved Address=002e | Address_Out=fffd | test_bus=00 | Bus_Out=00 | reading data=0 | writing data=0 | sending address=0
Time=2585000 | Saved Address=002e | Address_Out=0000 | test_bus=00 | Bus_Out=00 | reading data=0 | writing data=0 | sending address=0
Time=2595000 | Saved Address=002e | Address_Out=fffc | test_bus=00 | Bus_Out=00 | reading data=1 | writing data=0 | sending address=1
Time=2605000 | Saved Address=fffc | Address_Out=0000 | test_bus=00 | Bus_Out=00 | reading data=0 | writing data=0 | sending address=0
Time=2625000 | Saved Address=fffc | Address_Out=002f | test_bus=00 | Bus_Out=00 | reading data=0 | writing data=0 | sending address=0
Time=2635000 | Saved Address=fffc | Address_Out=fffb | test_bus=00 | Bus_Out=00 | reading data=0 | writing data=1 | sending address=1
Time=2645000 | Saved Address=fffb | Address_Out=0000 | test_bus=00 | Bus_Out=00 | reading data=0 | writing data=0 | sending address=0
Time=2665000 | Saved Address=fffb | Address_Out=002f | test_bus=00 | Bus_Out=00 | reading data=0 | writing data=0 | sending address=0
Time=2675000 | Saved Address=fffb | Address_Out=0000 | test_bus=00 | Bus_Out=2f | reading data=0 | writing data=1 | sending address=0
Time=2685000 | Saved Address=fffb | Address_Out=0080 | test_bus=00 | Bus_Out=00 | reading data=0 | writing data=0 | sending address=0
Time=2695000 | Saved Address=fffb | Address_Out=0000 | test_bus=2f | Bus_Out=00 | reading data=0 | writing data=0 | sending address=0
Time=2715000 | Saved Address=fffb | Address_Out=0080 | test_bus=2f | Bus_Out=00 | reading data=0 | writing data=0 | sending address=1
Time=2725000 | Saved Address=0080 | Address_Out=0000 | test_bus=2f | Bus_Out=00 | reading data=0 | writing data=0 | sending address=0
Time=2735000 | Saved Address=0080 | Address_Out=0000 | test_bus=c8 | Bus_Out=00 | reading data=0 | writing data=0 | sending address=0
Time=2755000 | Saved Address=0080 | Address_Out=0000 | test_bus=c8 | Bus_Out=00 | reading data=1 | writing data=0 | sending address=0
Time=2765000 | Saved Address=0080 | Address_Out=0000 | test_bus=c8 | Bus_Out=00 | reading data=0 | writing data=0 | sending address=0
Time=2795000 | Saved Address=0080 | Address_Out=0081 | test_bus=c8 | Bus_Out=00 | reading data=0 | writing data=0 | sending address=1
Time=2805000 | Saved Address=0081 | Address_Out=0000 | test_bus=c8 | Bus_Out=00 | reading data=0 | writing data=0 | sending address=0
Time=2815000 | Saved Address=0081 | Address_Out=0000 | test_bus=c5 | Bus_Out=00 | reading data=0 | writing data=0 | sending address=0
Time=2835000 | Saved Address=0081 | Address_Out=0000 | test_bus=c5 | Bus_Out=00 | reading data=1 | writing data=0 | sending address=0
Time=2845000 | Saved Address=0081 | Address_Out=0000 | test_bus=c5 | Bus_Out=00 | reading data=0 | writing data=0 | sending address=0
Time=2855000 | Saved Address=0081 | Address_Out=fffb | test_bus=c5 | Bus_Out=00 | reading data=0 | writing data=0 | sending address=0
Time=2865000 | Saved Address=0081 | Address_Out=0000 | test_bus=c5 | Bus_Out=00 | reading data=0 | writing data=0 | sending address=0
Time=2875000 | Saved Address=0081 | Address_Out=fffa | test_bus=c5 | Bus_Out=00 | reading data=0 | writing data=0 | sending address=1
Time=2885000 | Saved Address=fffa | Address_Out=0000 | test_bus=c5 | Bus_Out=00 | reading data=0 | writing data=0 | sending address=0
Time=2895000 | Saved Address=fffa | Address_Out=0000 | test_bus=00 | Bus_Out=00 | reading data=0 | writing data=0 | sending address=0
Time=2915000 | Saved Address=fffa | Address_Out=fff9 | test_bus=00 | Bus_Out=0f | reading data=0 | writing data=1 | sending address=1
Time=2925000 | Saved Address=fff9 | Address_Out=0000 | test_bus=00 | Bus_Out=00 | reading data=0 | writing data=0 | sending address=0
Time=2955000 | Saved Address=fff9 | Address_Out=0082 | test_bus=00 | Bus_Out=51 | reading data=0 | writing data=1 | sending address=1
Time=2965000 | Saved Address=0082 | Address_Out=0000 | test_bus=00 | Bus_Out=00 | reading data=0 | writing data=0 | sending address=0
Time=2975000 | Saved Address=0082 | Address_Out=0000 | test_bus=f5 | Bus_Out=00 | reading data=0 | writing data=0 | sending address=0
Time=2995000 | Saved Address=0082 | Address_Out=0000 | test_bus=f5 | Bus_Out=00 | reading data=1 | writing data=0 | sending address=0
Time=3005000 | Saved Address=0082 | Address_Out=0000 | test_bus=f5 | Bus_Out=00 | reading data=0 | writing data=0 | sending address=0
Time=3015000 | Saved Address=0082 | Address_Out=fff9 | test_bus=f5 | Bus_Out=00 | reading data=0 | writing data=0 | sending address=0
Time=3025000 | Saved Address=0082 | Address_Out=0000 | test_bus=f5 | Bus_Out=00 | reading data=0 | writing data=0 | sending address=0
Time=3035000 | Saved Address=0082 | Address_Out=fff8 | test_bus=f5 | Bus_Out=00 | reading data=0 | writing data=0 | sending address=1
Time=3045000 | Saved Address=fff8 | Address_Out=0000 | test_bus=f5 | Bus_Out=00 | reading data=0 | writing data=0 | sending address=0
Time=3055000 | Saved Address=fff8 | Address_Out=0000 | test_bus=00 | Bus_Out=00 | reading data=0 | writing data=0 | sending address=0
Time=3075000 | Saved Address=fff8 | Address_Out=fff7 | test_bus=00 | Bus_Out=2b | reading data=0 | writing data=1 | sending address=1
Time=3085000 | Saved Address=fff7 | Address_Out=0000 | test_bus=00 | Bus_Out=00 | reading data=0 | writing data=0 | sending address=0
Time=3115000 | Saved Address=fff7 | Address_Out=0083 | test_bus=00 | Bus_Out=0f | reading data=0 | writing data=1 | sending address=1
Time=3125000 | Saved Address=0083 | Address_Out=0000 | test_bus=00 | Bus_Out=00 | reading data=0 | writing data=0 | sending address=0
Time=3135000 | Saved Address=0083 | Address_Out=0000 | test_bus=01 | Bus_Out=00 | reading data=0 | writing data=0 | sending address=0
Time=3155000 | Saved Address=0083 | Address_Out=0084 | test_bus=01 | Bus_Out=00 | reading data=1 | writing data=0 | sending address=1
Time=3165000 | Saved Address=0084 | Address_Out=0000 | test_bus=01 | Bus_Out=00 | reading data=0 | writing data=0 | sending address=0
Time=3175000 | Saved Address=0084 | Address_Out=0000 | test_bus=d0 | Bus_Out=00 | reading data=0 | writing data=0 | sending address=0
Time=3195000 | Saved Address=0084 | Address_Out=0085 | test_bus=d0 | Bus_Out=00 | reading data=1 | writing data=0 | sending address=1
Time=3205000 | Saved Address=0085 | Address_Out=0000 | test_bus=d0 | Bus_Out=00 | reading data=0 | writing data=0 | sending address=0
Time=3215000 | Saved Address=0085 | Address_Out=0000 | test_bus=10 | Bus_Out=00 | reading data=0 | writing data=0 | sending address=0
Time=3235000 | Saved Address=0085 | Address_Out=0086 | test_bus=10 | Bus_Out=00 | reading data=1 | writing data=0 | sending address=1
Time=3245000 | Saved Address=0086 | Address_Out=0000 | test_bus=10 | Bus_Out=00 | reading data=0 | writing data=0 | sending address=0
Time=3255000 | Saved Address=0086 | Address_Out=10d0 | test_bus=f2 | Bus_Out=00 | reading data=0 | writing data=0 | sending address=0
Time=3265000 | Saved Address=0086 | Address_Out=0000 | test_bus=f2 | Bus_Out=00 | reading data=0 | writing data=0 | sending address=0
Time=3275000 | Saved Address=0086 | Address_Out=ffd0 | test_bus=f2 | Bus_Out=d0 | reading data=1 | writing data=0 | sending address=1
Time=3285000 | Saved Address=ffd0 | Address_Out=0000 | test_bus=f2 | Bus_Out=00 | reading data=0 | writing data=0 | sending address=0
Time=3295000 | Saved Address=ffd0 | Address_Out=0000 | test_bus=df | Bus_Out=00 | reading data=0 | writing data=0 | sending address=0
Time=3315000 | Saved Address=ffd0 | Address_Out=0087 | test_bus=df | Bus_Out=00 | reading data=1 | writing data=0 | sending address=1
Time=3325000 | Saved Address=0087 | Address_Out=0000 | test_bus=df | Bus_Out=00 | reading data=0 | writing data=0 | sending address=0
Time=3335000 | Saved Address=0087 | Address_Out=0000 | test_bus=f0 | Bus_Out=00 | reading data=0 | writing data=0 | sending address=0
Time=3355000 | Saved Address=0087 | Address_Out=0088 | test_bus=f0 | Bus_Out=00 | reading data=1 | writing data=0 | sending address=1
Time=3365000 | Saved Address=0088 | Address_Out=0000 | test_bus=f0 | Bus_Out=00 | reading data=0 | writing data=0 | sending address=0
Time=3375000 | Saved Address=0088 | Address_Out=0000 | test_bus=d0 | Bus_Out=00 | reading data=0 | writing data=0 | sending address=0
Time=3395000 | Saved Address=0088 | Address_Out=ffd0 | test_bus=d0 | Bus_Out=d0 | reading data=1 | writing data=0 | sending address=1
Time=3405000 | Saved Address=ffd0 | Address_Out=0000 | test_bus=d0 | Bus_Out=00 | reading data=0 | writing data=0 | sending address=0
Time=3415000 | Saved Address=ffd0 | Address_Out=0000 | test_bus=df | Bus_Out=00 | reading data=0 | writing data=0 | sending address=0
Time=3435000 | Saved Address=ffd0 | Address_Out=0089 | test_bus=df | Bus_Out=00 | reading data=1 | writing data=0 | sending address=1
Time=3445000 | Saved Address=0089 | Address_Out=0000 | test_bus=df | Bus_Out=00 | reading data=0 | writing data=0 | sending address=0
Time=3455000 | Saved Address=0089 | Address_Out=0000 | test_bus=cb | Bus_Out=00 | reading data=0 | writing data=0 | sending address=0
Time=3475000 | Saved Address=0089 | Address_Out=008a | test_bus=cb | Bus_Out=00 | reading data=1 | writing data=0 | sending address=1
Time=3485000 | Saved Address=008a | Address_Out=0000 | test_bus=cb | Bus_Out=00 | reading data=0 | writing data=0 | sending address=0
Time=3495000 | Saved Address=008a | Address_Out=0000 | test_bus=37 | Bus_Out=00 | reading data=0 | writing data=0 | sending address=0
Time=3515000 | Saved Address=008a | Address_Out=008b | test_bus=37 | Bus_Out=00 | reading data=1 | writing data=0 | sending address=1
Time=3525000 | Saved Address=008b | Address_Out=0000 | test_bus=37 | Bus_Out=df | reading data=0 | writing data=0 | sending address=0
Time=3535000 | Saved Address=008b | Address_Out=0000 | test_bus=f1 | Bus_Out=00 | reading data=0 | writing data=0 | sending address=0
Time=3555000 | Saved Address=008b | Address_Out=fff7 | test_bus=f1 | Bus_Out=00 | reading data=1 | writing data=0 | sending address=1
Time=3565000 | Saved Address=fff7 | Address_Out=0000 | test_bus=f1 | Bus_Out=00 | reading data=0 | writing data=0 | sending address=0
Time=3575000 | Saved Address=fff7 | Address_Out=0000 | test_bus=0f | Bus_Out=00 | reading data=0 | writing data=0 | sending address=0
Time=3595000 | Saved Address=fff7 | Address_Out=fff8 | test_bus=0f | Bus_Out=00 | reading data=1 | writing data=0 | sending address=1
Time=3605000 | Saved Address=fff8 | Address_Out=0000 | test_bus=0f | Bus_Out=00 | reading data=0 | writing data=0 | sending address=0
Time=3615000 | Saved Address=fff8 | Address_Out=0000 | test_bus=2b | Bus_Out=00 | reading data=0 | writing data=0 | sending address=0
Time=3635000 | Saved Address=fff8 | Address_Out=008c | test_bus=2b | Bus_Out=00 | reading data=1 | writing data=0 | sending address=1
Time=3645000 | Saved Address=008c | Address_Out=0000 | test_bus=2b | Bus_Out=00 | reading data=0 | writing data=0 | sending address=0
Time=3655000 | Saved Address=008c | Address_Out=0000 | test_bus=c1 | Bus_Out=00 | reading data=0 | writing data=0 | sending address=0
Time=3675000 | Saved Address=008c | Address_Out=fff9 | test_bus=c1 | Bus_Out=00 | reading data=1 | writing data=0 | sending address=1
Time=3685000 | Saved Address=fff9 | Address_Out=0000 | test_bus=c1 | Bus_Out=00 | reading data=0 | writing data=0 | sending address=0
Time=3695000 | Saved Address=fff9 | Address_Out=0000 | test_bus=51 | Bus_Out=00 | reading data=0 | writing data=0 | sending address=0
Time=3715000 | Saved Address=fff9 | Address_Out=fffa | test_bus=51 | Bus_Out=00 | reading data=1 | writing data=0 | sending address=1
Time=3725000 | Saved Address=fffa | Address_Out=0000 | test_bus=51 | Bus_Out=00 | reading data=0 | writing data=0 | sending address=0
Time=3735000 | Saved Address=fffa | Address_Out=0000 | test_bus=0f | Bus_Out=00 | reading data=0 | writing data=0 | sending address=0
Time=3755000 | Saved Address=fffa | Address_Out=008d | test_bus=0f | Bus_Out=00 | reading data=1 | writing data=0 | sending address=1
Time=3765000 | Saved Address=008d | Address_Out=0000 | test_bus=0f | Bus_Out=00 | reading data=0 | writing data=0 | sending address=0
Time=3775000 | Saved Address=008d | Address_Out=0000 | test_bus=d9 | Bus_Out=00 | reading data=0 | writing data=0 | sending address=0
Time=3795000 | Saved Address=008d | Address_Out=fffb | test_bus=d9 | Bus_Out=00 | reading data=1 | writing data=0 | sending address=1
Time=3805000 | Saved Address=fffb | Address_Out=0000 | test_bus=d9 | Bus_Out=00 | reading data=0 | writing data=0 | sending address=0
Time=3815000 | Saved Address=fffb | Address_Out=0000 | test_bus=2f | Bus_Out=00 | reading data=0 | writing data=0 | sending address=0
Time=3835000 | Saved Address=fffb | Address_Out=fffc | test_bus=2f | Bus_Out=00 | reading data=1 | writing data=0 | sending address=1
Time=3845000 | Saved Address=fffc | Address_Out=0000 | test_bus=2f | Bus_Out=00 | reading data=0 | writing data=0 | sending address=0
Time=3855000 | Saved Address=fffc | Address_Out=0000 | test_bus=00 | Bus_Out=00 | reading data=0 | writing data=0 | sending address=0
Time=3875000 | Saved Address=fffc | Address_Out=0000 | test_bus=00 | Bus_Out=00 | reading data=1 | writing data=0 | sending address=0
Time=3885000 | Saved Address=fffc | Address_Out=0000 | test_bus=00 | Bus_Out=00 | reading data=0 | writing data=0 | sending address=0
Time=3895000 | Saved Address=fffc | Address_Out=002f | test_bus=00 | Bus_Out=00 | reading data=0 | writing data=0 | sending address=0
Time=3905000 | Saved Address=fffc | Address_Out=0000 | test_bus=00 | Bus_Out=00 | reading data=0 | writing data=0 | sending address=0
Time=3915000 | Saved Address=fffc | Address_Out=002f | test_bus=00 | Bus_Out=00 | reading data=0 | writing data=0 | sending address=1
Time=3925000 | Saved Address=002f | Address_Out=0000 | test_bus=00 | Bus_Out=00 | reading data=0 | writing data=0 | sending address=0
Time=3935000 | Saved Address=002f | Address_Out=0000 | test_bus=e2 | Bus_Out=00 | reading data=0 | writing data=0 | sending address=0
Time=3955000 | Saved Address=002f | Address_Out=ff51 | test_bus=e2 | Bus_Out=51 | reading data=1 | writing data=0 | sending address=1
Time=3965000 | Saved Address=ff51 | Address_Out=0000 | test_bus=e2 | Bus_Out=00 | reading data=0 | writing data=0 | sending address=0
Time=3975000 | Saved Address=ff51 | Address_Out=0000 | test_bus=00 | Bus_Out=00 | reading data=0 | writing data=0 | sending address=0
Time=3995000 | Saved Address=ff51 | Address_Out=0030 | test_bus=00 | Bus_Out=2b | reading data=0 | writing data=1 | sending address=1
Time=4005000 | Saved Address=0030 | Address_Out=0000 | test_bus=00 | Bus_Out=00 | reading data=0 | writing data=0 | sending address=0
Time=4015000 | Saved Address=0030 | Address_Out=0000 | test_bus=ea | Bus_Out=00 | reading data=0 | writing data=0 | sending address=0
Time=4035000 | Saved Address=0030 | Address_Out=0031 | test_bus=ea | Bus_Out=00 | reading data=1 | writing data=0 | sending address=1
Time=4045000 | Saved Address=0031 | Address_Out=0000 | test_bus=ea | Bus_Out=00 | reading data=0 | writing data=0 | sending address=0
Time=4055000 | Saved Address=0031 | Address_Out=0000 | test_bus=e1 | Bus_Out=00 | reading data=0 | writing data=0 | sending address=0
Time=4075000 | Saved Address=0031 | Address_Out=0032 | test_bus=e1 | Bus_Out=00 | reading data=1 | writing data=0 | sending address=1
Time=4085000 | Saved Address=0032 | Address_Out=0000 | test_bus=e1 | Bus_Out=00 | reading data=0 | writing data=0 | sending address=0
Time=4095000 | Saved Address=0032 | Address_Out=0000 | test_bus=d0 | Bus_Out=00 | reading data=0 | writing data=0 | sending address=0
Time=4115000 | Saved Address=0032 | Address_Out=d0e1 | test_bus=d0 | Bus_Out=00 | reading data=1 | writing data=0 | sending address=1
Time=4125000 | Saved Address=d0e1 | Address_Out=0000 | test_bus=d0 | Bus_Out=00 | reading data=0 | writing data=0 | sending address=0
Time=4135000 | Saved Address=d0e1 | Address_Out=0000 | test_bus=00 | Bus_Out=00 | reading data=0 | writing data=0 | sending address=0
Time=4155000 | Saved Address=d0e1 | Address_Out=0033 | test_bus=00 | Bus_Out=2b | reading data=0 | writing data=1 | sending address=1
Time=4165000 | Saved Address=0033 | Address_Out=0000 | test_bus=00 | Bus_Out=00 | reading data=0 | writing data=0 | sending address=0
Time=4175000 | Saved Address=0033 | Address_Out=0000 | test_bus=ee | Bus_Out=00 | reading data=0 | writing data=0 | sending address=0
Time=4195000 | Saved Address=0033 | Address_Out=0034 | test_bus=ee | Bus_Out=00 | reading data=1 | writing data=0 | sending address=1
Time=4205000 | Saved Address=0034 | Address_Out=0000 | test_bus=ee | Bus_Out=00 | reading data=0 | writing data=0 | sending address=0
Time=4215000 | Saved Address=0034 | Address_Out=0000 | test_bus=cc | Bus_Out=00 | reading data=0 | writing data=0 | sending address=0
Time=4235000 | Saved Address=0034 | Address_Out=0035 | test_bus=cc | Bus_Out=00 | reading data=1 | writing data=0 | sending address=1
Time=4245000 | Saved Address=0035 | Address_Out=0000 | test_bus=cc | Bus_Out=cc | reading data=0 | writing data=0 | sending address=0
Time=4255000 | Saved Address=0035 | Address_Out=0000 | test_bus=fa | Bus_Out=00 | reading data=0 | writing data=0 | sending address=0
Time=4275000 | Saved Address=0035 | Address_Out=0036 | test_bus=fa | Bus_Out=00 | reading data=1 | writing data=0 | sending address=1
Time=4285000 | Saved Address=0036 | Address_Out=0000 | test_bus=fa | Bus_Out=00 | reading data=0 | writing data=0 | sending address=0
Time=4295000 | Saved Address=0036 | Address_Out=0000 | test_bus=e1 | Bus_Out=00 | reading data=0 | writing data=0 | sending address=0
Time=4315000 | Saved Address=0036 | Address_Out=0037 | test_bus=e1 | Bus_Out=00 | reading data=1 | writing data=0 | sending address=1
Time=4325000 | Saved Address=0037 | Address_Out=0000 | test_bus=e1 | Bus_Out=00 | reading data=0 | writing data=0 | sending address=0
Time=4335000 | Saved Address=0037 | Address_Out=0000 | test_bus=d0 | Bus_Out=00 | reading data=0 | writing data=0 | sending address=0
Time=4355000 | Saved Address=0037 | Address_Out=d0e1 | test_bus=d0 | Bus_Out=00 | reading data=1 | writing data=0 | sending address=1
Time=4365000 | Saved Address=d0e1 | Address_Out=0000 | test_bus=d0 | Bus_Out=00 | reading data=0 | writing data=0 | sending address=0
Time=4375000 | Saved Address=d0e1 | Address_Out=0000 | test_bus=2b | Bus_Out=00 | reading data=0 | writing data=0 | sending address=0
Time=4395000 | Saved Address=d0e1 | Address_Out=0038 | test_bus=2b | Bus_Out=00 | reading data=1 | writing data=0 | sending address=1
Time=4405000 | Saved Address=0038 | Address_Out=0000 | test_bus=2b | Bus_Out=00 | reading data=0 | writing data=0 | sending address=0
Time=4415000 | Saved Address=0038 | Address_Out=0000 | test_bus=f3 | Bus_Out=00 | reading data=0 | writing data=0 | sending address=0
Time=4435000 | Saved Address=0038 | Address_Out=0039 | test_bus=f3 | Bus_Out=00 | reading data=1 | writing data=0 | sending address=1
Time=4445000 | Saved Address=0039 | Address_Out=0000 | test_bus=f3 | Bus_Out=00 | reading data=0 | writing data=0 | sending address=0
Time=4455000 | Saved Address=0039 | Address_Out=0000 | test_bus=fb | Bus_Out=00 | reading data=0 | writing data=0 | sending address=0
Time=4475000 | Saved Address=0039 | Address_Out=003a | test_bus=fb | Bus_Out=00 | reading data=1 | writing data=0 | sending address=1
Time=4485000 | Saved Address=003a | Address_Out=0000 | test_bus=fb | Bus_Out=00 | reading data=0 | writing data=0 | sending address=0
Time=4495000 | Saved Address=003a | Address_Out=0000 | test_bus=e8 | Bus_Out=00 | reading data=0 | writing data=0 | sending address=0
Time=4515000 | Saved Address=003a | Address_Out=003b | test_bus=e8 | Bus_Out=00 | reading data=1 | writing data=0 | sending address=1
Time=4525000 | Saved Address=003b | Address_Out=0000 | test_bus=e8 | Bus_Out=00 | reading data=0 | writing data=0 | sending address=0
Time=4535000 | Saved Address=003b | Address_Out=0000 | test_bus=e2 | Bus_Out=00 | reading data=0 | writing data=0 | sending address=0
Time=4555000 | Saved Address=003b | Address_Out=0000 | test_bus=e2 | Bus_Out=00 | reading data=1 | writing data=0 | sending address=0
Time=4565000 | Saved Address=003b | Address_Out=fffd | test_bus=e2 | Bus_Out=e2 | reading data=0 | writing data=0 | sending address=0
Time=4575000 | Saved Address=003b | Address_Out=0000 | test_bus=e2 | Bus_Out=00 | reading data=0 | writing data=0 | sending address=0
Time=4635000 | Saved Address=003b | Address_Out=003c | test_bus=e2 | Bus_Out=00 | reading data=0 | writing data=0 | sending address=1
Time=4645000 | Saved Address=003c | Address_Out=0000 | test_bus=e2 | Bus_Out=00 | reading data=0 | writing data=0 | sending address=0
Time=4655000 | Saved Address=003c | Address_Out=0000 | test_bus=f8 | Bus_Out=00 | reading data=0 | writing data=0 | sending address=0
Time=4675000 | Saved Address=003c | Address_Out=003d | test_bus=f8 | Bus_Out=00 | reading data=1 | writing data=0 | sending address=1
Time=4685000 | Saved Address=003d | Address_Out=0000 | test_bus=f8 | Bus_Out=00 | reading data=0 | writing data=0 | sending address=0
Time=4695000 | Saved Address=003d | Address_Out=0000 | test_bus=1e | Bus_Out=00 | reading data=0 | writing data=0 | sending address=0
Time=4715000 | Saved Address=003d | Address_Out=0000 | test_bus=1e | Bus_Out=00 | reading data=1 | writing data=0 | sending address=0
Time=4725000 | Saved Address=003d | Address_Out=ffdf | test_bus=1e | Bus_Out=1e | reading data=0 | writing data=0 | sending address=0
Time=4735000 | Saved Address=003d | Address_Out=0000 | test_bus=1e | Bus_Out=00 | reading data=0 | writing data=0 | sending address=0
Time=4755000 | Saved Address=003d | Address_Out=003e | test_bus=1e | Bus_Out=00 | reading data=0 | writing data=0 | sending address=1
Time=4765000 | Saved Address=003e | Address_Out=0000 | test_bus=1e | Bus_Out=00 | reading data=0 | writing data=0 | sending address=0
Time=4775000 | Saved Address=003e | Address_Out=0000 | test_bus=f9 | Bus_Out=00 | reading data=0 | writing data=0 | sending address=0
Time=4795000 | Saved Address=003e | Address_Out=0000 | test_bus=f9 | Bus_Out=00 | reading data=1 | writing data=0 | sending address=0
Time=4805000 | Saved Address=003e | Address_Out=fffd | test_bus=f9 | Bus_Out=00 | reading data=0 | writing data=0 | sending address=0
Time=4815000 | Saved Address=003e | Address_Out=0000 | test_bus=f9 | Bus_Out=00 | reading data=0 | writing data=0 | sending address=0
Time=4835000 | Saved Address=003e | Address_Out=003f | test_bus=f9 | Bus_Out=00 | reading data=0 | writing data=0 | sending address=1
Time=4845000 | Saved Address=003f | Address_Out=fffd | test_bus=f9 | Bus_Out=00 | reading data=0 | writing data=0 | sending address=0
Time=4855000 | Saved Address=003f | Address_Out=0000 | test_bus=e9 | Bus_Out=00 | reading data=0 | writing data=0 | sending address=0
Time=4875000 | Saved Address=003f | Address_Out=fffd | test_bus=e9 | Bus_Out=00 | reading data=1 | writing data=0 | sending address=1
Time=4885000 | Saved Address=fffd | Address_Out=0000 | test_bus=e9 | Bus_Out=00 | reading data=0 | writing data=0 | sending address=0
Time=4895000 | Saved Address=fffd | Address_Out=0000 | test_bus=00 | Bus_Out=00 | reading data=0 | writing data=0 | sending address=0
Time=4915000 | Saved Address=fffd | Address_Out=fffe | test_bus=00 | Bus_Out=00 | reading data=1 | writing data=0 | sending address=1
Time=4925000 | Saved Address=fffe | Address_Out=0000 | test_bus=00 | Bus_Out=00 | reading data=0 | writing data=0 | sending address=0
Time=4955000 | Saved Address=fffe | Address_Out=ffff | test_bus=00 | Bus_Out=00 | reading data=1 | writing data=0 | sending address=1
Time=4965000 | Saved Address=ffff | Address_Out=0000 | test_bus=00 | Bus_Out=00 | reading data=0 | writing data=0 | sending address=0
Time=4995000 | Saved Address=ffff | Address_Out=0000 | test_bus=00 | Bus_Out=00 | reading data=1 | writing data=0 | sending address=1
Time=5005000 | Saved Address=0000 | Address_Out=0000 | test_bus=00 | Bus_Out=00 | reading data=0